SF:lib/features/auth/data/repositories_implementation/auth_repo_impl.dart
DA:13,1
DA:15,1
DA:17,1
DA:18,2
DA:21,1
DA:23,1
DA:24,2
DA:27,1
DA:32,1
DA:36,2
LF:10
LH:10
end_of_record
SF:lib/features/auth/domain/responses/auth_response.dart
DA:5,2
DA:6,2
DA:8,2
LF:3
LH:3
end_of_record
SF:lib/features/auth/data/models/forget_password_models/forget_password_request.dart
DA:10,1
DA:12,0
DA:13,0
DA:16,0
DA:17,0
LF:5
LH:1
end_of_record
SF:lib/features/auth/data/models/forget_password_models/forget_password_request.g.dart
DA:9,0
DA:11,0
DA:13,0
DA:15,0
LF:4
LH:0
end_of_record
SF:lib/features/auth/data/models/forget_password_models/reset_password_request_model.dart
DA:12,1
DA:14,0
DA:15,0
DA:18,0
DA:19,0
LF:5
LH:1
end_of_record
SF:lib/features/auth/data/models/forget_password_models/reset_password_request_model.g.dart
DA:9,0
DA:11,0
DA:12,0
DA:13,0
DA:16,0
DA:18,0
DA:19,0
DA:20,0
LF:8
LH:0
end_of_record
SF:lib/features/auth/data/models/forget_password_models/verify_code_request_model.dart
DA:10,1
DA:12,0
DA:13,0
DA:16,0
DA:17,0
LF:5
LH:1
end_of_record
SF:lib/features/auth/data/models/forget_password_models/verify_code_request_model.g.dart
DA:9,0
DA:11,0
DA:13,0
DA:15,0
LF:4
LH:0
end_of_record
SF:lib/features/auth/domain/usecases/forget_password_usecase.dart
DA:9,1
DA:11,1
DA:12,2
LF:3
LH:3
end_of_record
SF:lib/features/auth/domain/usecases/reset_password_usecase.dart
DA:9,1
DA:11,1
DA:12,2
LF:3
LH:3
end_of_record
SF:lib/features/auth/domain/usecases/verify_code_usecase.dart
DA:9,1
DA:11,1
DA:12,2
LF:3
LH:3
end_of_record
SF:lib/features/auth/forget_password/presentation/viewmodel/forget_password_viewmodel.dart
DA:12,1
DA:13,2
DA:18,1
DA:19,3
DA:20,2
DA:21,1
DA:22,2
DA:26,0
DA:27,0
DA:28,0
DA:30,0
DA:31,0
DA:32,0
DA:34,0
DA:38,1
DA:40,2
DA:41,1
LF:17
LH:10
end_of_record
SF:lib/features/auth/forget_password/presentation/viewmodel/states/forget_password_states.dart
DA:11,0
LF:1
LH:0
end_of_record
SF:lib/core/api/client/api_client.g.dart
DA:12,0
DA:20,0
DA:24,0
DA:25,0
DA:26,0
DA:27,0
DA:28,0
DA:29,0
DA:30,0
DA:31,0
DA:32,0
DA:37,0
DA:39,0
DA:42,0
DA:44,0
DA:50,0
DA:52,0
DA:53,0
DA:54,0
DA:55,0
DA:56,0
DA:57,0
DA:58,0
DA:59,0
DA:60,0
DA:65,0
DA:67,0
DA:70,0
DA:72,0
DA:78,0
DA:82,0
DA:83,0
DA:84,0
DA:85,0
DA:86,0
DA:87,0
DA:88,0
DA:89,0
DA:90,0
DA:95,0
DA:97,0
DA:100,0
DA:102,0
DA:108,0
DA:109,0
DA:110,0
DA:111,0
DA:112,0
DA:113,0
DA:115,0
DA:121,0
DA:122,0
DA:126,0
DA:128,0
DA:129,0
DA:132,0
LF:56
LH:0
end_of_record
SF:lib/core/extensions/validations.dart
DA:2,1
DA:3,1
DA:6,1
DA:9,0
DA:10,0
DA:14,0
DA:17,0
DA:18,0
DA:19,0
DA:22,0
DA:23,0
DA:24,0
DA:27,0
DA:28,0
DA:31,0
DA:32,0
LF:16
LH:3
end_of_record
